2018-12-08 16:53:54 JavaFX Application Thread ERROR [demo.App.logError(App.java:54)] Catch unexpected fx exception
java.util.ConcurrentModificationException
	at java.util.AbstractList$Itr.checkForComodification(AbstractList.java:386)
	at java.util.AbstractList$Itr.next(AbstractList.java:355)
	at javafx.scene.control.TreeItem.updateExpandedDescendentCount(TreeItem.java:892)
	at javafx.scene.control.TreeItem.getExpandedDescendentCount(TreeItem.java:880)
	at javafx.scene.control.TreeUtil.getExpandedDescendantCount(TreeUtil.java:40)
	at javafx.scene.control.TreeUtil.updateExpandedItemCount(TreeUtil.java:49)
	at javafx.scene.control.TreeTableView.updateExpandedItemCount(TreeTableView.java:1861)
	at javafx.scene.control.TreeTableView.getExpandedItemCount(TreeTableView.java:1092)
	at javafx.scene.control.TreeTableCell.updateItem(TreeTableCell.java:599)
	at javafx.scene.control.TreeTableCell.indexChanged(TreeTableCell.java:457)
	at javafx.scene.control.IndexedCell.updateIndex(IndexedCell.java:116)
	at com.sun.javafx.scene.control.skin.TableRowSkinBase.updateCells(TableRowSkinBase.java:533)
	at com.sun.javafx.scene.control.skin.TreeTableRowSkin.updateCells(TreeTableRowSkin.java:220)
	at com.sun.javafx.scene.control.skin.TableRowSkinBase.checkState(TableRowSkinBase.java:631)
	at com.sun.javafx.scene.control.skin.TableRowSkinBase.computePrefHeight(TableRowSkinBase.java:571)
	at javafx.scene.control.Control.computePrefHeight(Control.java:547)
	at javafx.scene.Parent.prefHeight(Parent.java:935)
	at javafx.scene.layout.Region.prefHeight(Region.java:1435)
	at com.sun.javafx.scene.control.skin.VirtualFlow.resizeCellSize(VirtualFlow.java:1947)
	at com.sun.javafx.scene.control.skin.VirtualFlow.addTrailingCells(VirtualFlow.java:1345)
	at com.sun.javafx.scene.control.skin.VirtualFlow.layoutChildren(VirtualFlow.java:1197)
	at javafx.scene.Parent.layout(Parent.java:1087)
	at javafx.scene.Parent.layout(Parent.java:1093)
	at javafx.scene.Parent.layout(Parent.java:1093)
	at javafx.scene.Parent.layout(Parent.java:1093)
	at javafx.scene.Parent.layout(Parent.java:1093)
	at javafx.scene.Parent.layout(Parent.java:1093)
	at javafx.scene.Parent.layout(Parent.java:1093)
	at javafx.scene.Parent.layout(Parent.java:1093)
	at javafx.scene.Parent.layout(Parent.java:1093)
	at javafx.scene.Parent.layout(Parent.java:1093)
	at javafx.scene.Scene.doLayoutPass(Scene.java:552)
	at javafx.scene.Scene$ScenePulseListener.pulse(Scene.java:2397)
	at com.sun.javafx.tk.Toolkit.lambda$runPulse$30(Toolkit.java:355)
	at java.security.AccessController.doPrivileged(Native Method)
	at com.sun.javafx.tk.Toolkit.runPulse(Toolkit.java:354)
	at com.sun.javafx.tk.Toolkit.firePulse(Toolkit.java:381)
	at com.sun.javafx.tk.quantum.QuantumToolkit.pulse(QuantumToolkit.java:510)
	at com.sun.javafx.tk.quantum.QuantumToolkit.pulse(QuantumToolkit.java:490)
	at com.sun.javafx.tk.quantum.QuantumToolkit.lambda$runToolkit$404(QuantumToolkit.java:319)
	at com.sun.glass.ui.InvokeLaterDispatcher$Future.run(InvokeLaterDispatcher.java:95)
	at com.sun.glass.ui.win.WinApplication._runLoop(Native Method)
	at com.sun.glass.ui.win.WinApplication.lambda$null$148(WinApplication.java:191)
	at java.lang.Thread.run(Thread.java:748)
2018-12-08 16:54:57 JavaFX Application Thread ERROR [demo.App.logError(App.java:54)] Catch unexpected fx exception
java.util.ConcurrentModificationException
	at java.util.AbstractList$Itr.checkForComodification(AbstractList.java:386)
	at java.util.AbstractList$Itr.next(AbstractList.java:355)
	at javafx.scene.control.TreeItem.updateExpandedDescendentCount(TreeItem.java:892)
	at javafx.scene.control.TreeItem.getExpandedDescendentCount(TreeItem.java:880)
	at javafx.scene.control.TreeUtil.getExpandedDescendantCount(TreeUtil.java:40)
	at javafx.scene.control.TreeUtil.updateExpandedItemCount(TreeUtil.java:49)
	at javafx.scene.control.TreeTableView.updateExpandedItemCount(TreeTableView.java:1861)
	at javafx.scene.control.TreeTableView.getExpandedItemCount(TreeTableView.java:1092)
	at javafx.scene.control.TreeTableCell.updateItem(TreeTableCell.java:599)
	at javafx.scene.control.TreeTableCell.indexChanged(TreeTableCell.java:457)
	at javafx.scene.control.IndexedCell.updateIndex(IndexedCell.java:116)
	at com.sun.javafx.scene.control.skin.TableRowSkinBase.requestCellUpdate(TableRowSkinBase.java:659)
	at com.sun.javafx.scene.control.skin.TableRowSkinBase.handleControlPropertyChanged(TableRowSkinBase.java:234)
	at com.sun.javafx.scene.control.skin.TreeTableRowSkin.handleControlPropertyChanged(TreeTableRowSkin.java:159)
	at com.sun.javafx.scene.control.skin.BehaviorSkinBase.lambda$registerChangeListener$61(BehaviorSkinBase.java:197)
	at com.sun.javafx.scene.control.MultiplePropertyChangeListenerHandler$1.changed(MultiplePropertyChangeListenerHandler.java:55)
	at javafx.beans.value.WeakChangeListener.changed(WeakChangeListener.java:89)
	at com.sun.javafx.binding.ExpressionHelper$Generic.fireValueChangedEvent(ExpressionHelper.java:361)
	at com.sun.javafx.binding.ExpressionHelper.fireValueChangedEvent(ExpressionHelper.java:81)
	at javafx.beans.property.ReadOnlyIntegerPropertyBase.fireValueChangedEvent(ReadOnlyIntegerPropertyBase.java:72)
	at javafx.beans.property.ReadOnlyIntegerWrapper.fireValueChangedEvent(ReadOnlyIntegerWrapper.java:102)
	at javafx.beans.property.IntegerPropertyBase.markInvalid(IntegerPropertyBase.java:113)
	at javafx.beans.property.IntegerPropertyBase.set(IntegerPropertyBase.java:147)
	at javafx.scene.control.IndexedCell.updateIndex(IndexedCell.java:115)
	at com.sun.javafx.scene.control.skin.VirtualFlow.setCellIndex(VirtualFlow.java:1957)
	at com.sun.javafx.scene.control.skin.VirtualFlow.addLeadingCells(VirtualFlow.java:1246)
	at com.sun.javafx.scene.control.skin.VirtualFlow.layoutChildren(VirtualFlow.java:1194)
	at javafx.scene.Parent.layout(Parent.java:1087)
	at javafx.scene.Parent.layout(Parent.java:1093)
	at javafx.scene.Parent.layout(Parent.java:1093)
	at javafx.scene.Parent.layout(Parent.java:1093)
	at javafx.scene.Parent.layout(Parent.java:1093)
	at javafx.scene.Parent.layout(Parent.java:1093)
	at javafx.scene.Parent.layout(Parent.java:1093)
	at javafx.scene.Parent.layout(Parent.java:1093)
	at javafx.scene.Parent.layout(Parent.java:1093)
	at javafx.scene.Parent.layout(Parent.java:1093)
	at javafx.scene.Scene.doLayoutPass(Scene.java:552)
	at javafx.scene.Scene$ScenePulseListener.pulse(Scene.java:2397)
	at com.sun.javafx.tk.Toolkit.lambda$runPulse$30(Toolkit.java:355)
	at java.security.AccessController.doPrivileged(Native Method)
	at com.sun.javafx.tk.Toolkit.runPulse(Toolkit.java:354)
	at com.sun.javafx.tk.Toolkit.firePulse(Toolkit.java:381)
	at com.sun.javafx.tk.quantum.QuantumToolkit.pulse(QuantumToolkit.java:510)
	at com.sun.javafx.tk.quantum.QuantumToolkit.pulse(QuantumToolkit.java:490)
	at com.sun.javafx.tk.quantum.QuantumToolkit.lambda$runToolkit$404(QuantumToolkit.java:319)
	at com.sun.glass.ui.InvokeLaterDispatcher$Future.run(InvokeLaterDispatcher.java:95)
	at com.sun.glass.ui.win.WinApplication._runLoop(Native Method)
	at com.sun.glass.ui.win.WinApplication.lambda$null$148(WinApplication.java:191)
	at java.lang.Thread.run(Thread.java:748)
2018-12-08 16:55:18 JavaFX Application Thread ERROR [demo.App.logError(App.java:54)] Catch unexpected fx exception
java.util.ConcurrentModificationException
	at java.util.AbstractList$Itr.checkForComodification(AbstractList.java:386)
	at java.util.AbstractList$Itr.next(AbstractList.java:355)
	at javafx.scene.control.TreeItem.updateExpandedDescendentCount(TreeItem.java:892)
	at javafx.scene.control.TreeItem.getExpandedDescendentCount(TreeItem.java:880)
	at javafx.scene.control.TreeUtil.getExpandedDescendantCount(TreeUtil.java:40)
	at javafx.scene.control.TreeUtil.updateExpandedItemCount(TreeUtil.java:49)
	at javafx.scene.control.TreeTableView.updateExpandedItemCount(TreeTableView.java:1861)
	at javafx.scene.control.TreeTableView.layoutChildren(TreeTableView.java:1465)
	at javafx.scene.Parent.layout(Parent.java:1087)
	at javafx.scene.Parent.layout(Parent.java:1093)
	at javafx.scene.Parent.layout(Parent.java:1093)
	at javafx.scene.Parent.layout(Parent.java:1093)
	at javafx.scene.Parent.layout(Parent.java:1093)
	at javafx.scene.Parent.layout(Parent.java:1093)
	at javafx.scene.Parent.layout(Parent.java:1093)
	at javafx.scene.Parent.layout(Parent.java:1093)
	at javafx.scene.Parent.layout(Parent.java:1093)
	at javafx.scene.Scene.doLayoutPass(Scene.java:552)
	at javafx.scene.Scene$ScenePulseListener.pulse(Scene.java:2397)
	at com.sun.javafx.tk.Toolkit.lambda$runPulse$30(Toolkit.java:355)
	at java.security.AccessController.doPrivileged(Native Method)
	at com.sun.javafx.tk.Toolkit.runPulse(Toolkit.java:354)
	at com.sun.javafx.tk.Toolkit.firePulse(Toolkit.java:381)
	at com.sun.javafx.tk.quantum.QuantumToolkit.pulse(QuantumToolkit.java:510)
	at com.sun.javafx.tk.quantum.QuantumToolkit.pulse(QuantumToolkit.java:490)
	at com.sun.javafx.tk.quantum.QuantumToolkit.lambda$runToolkit$404(QuantumToolkit.java:319)
	at com.sun.glass.ui.InvokeLaterDispatcher$Future.run(InvokeLaterDispatcher.java:95)
	at com.sun.glass.ui.win.WinApplication._runLoop(Native Method)
	at com.sun.glass.ui.win.WinApplication.lambda$null$148(WinApplication.java:191)
	at java.lang.Thread.run(Thread.java:748)
2018-12-08 16:57:36 JavaFX Application Thread ERROR [demo.App.logError(App.java:54)] Catch unexpected fx exception
java.util.ConcurrentModificationException
	at java.util.AbstractList$Itr.checkForComodification(AbstractList.java:386)
	at java.util.AbstractList$Itr.next(AbstractList.java:355)
	at javafx.scene.control.TreeItem.updateExpandedDescendentCount(TreeItem.java:892)
	at javafx.scene.control.TreeItem.getExpandedDescendentCount(TreeItem.java:880)
	at javafx.scene.control.TreeUtil.getExpandedDescendantCount(TreeUtil.java:40)
	at javafx.scene.control.TreeUtil.updateExpandedItemCount(TreeUtil.java:49)
	at javafx.scene.control.TreeTableView.updateExpandedItemCount(TreeTableView.java:1861)
	at javafx.scene.control.TreeTableView.getExpandedItemCount(TreeTableView.java:1092)
	at javafx.scene.control.TreeTableRow.updateItem(TreeTableRow.java:392)
	at javafx.scene.control.TreeTableRow.indexChanged(TreeTableRow.java:291)
	at javafx.scene.control.IndexedCell.updateIndex(IndexedCell.java:116)
	at com.sun.javafx.scene.control.skin.VirtualFlow.setCellIndex(VirtualFlow.java:1957)
	at com.sun.javafx.scene.control.skin.VirtualFlow.addLeadingCells(VirtualFlow.java:1246)
	at com.sun.javafx.scene.control.skin.VirtualFlow.layoutChildren(VirtualFlow.java:1194)
	at com.sun.javafx.scene.control.skin.VirtualFlow.setCellCount(VirtualFlow.java:231)
	at com.sun.javafx.scene.control.skin.TreeTableViewSkin.updateRowCount(TreeTableViewSkin.java:486)
	at com.sun.javafx.scene.control.skin.VirtualContainerBase.checkState(VirtualContainerBase.java:113)
	at com.sun.javafx.scene.control.skin.VirtualContainerBase.layoutChildren(VirtualContainerBase.java:108)
	at com.sun.javafx.scene.control.skin.TableViewSkinBase.layoutChildren(TableViewSkinBase.java:696)
	at javafx.scene.control.Control.layoutChildren(Control.java:578)
	at javafx.scene.control.TreeTableView.layoutChildren(TreeTableView.java:1468)
	at javafx.scene.Parent.layout(Parent.java:1087)
	at javafx.scene.Parent.layout(Parent.java:1093)
	at javafx.scene.Parent.layout(Parent.java:1093)
	at javafx.scene.Parent.layout(Parent.java:1093)
	at javafx.scene.Parent.layout(Parent.java:1093)
	at javafx.scene.Parent.layout(Parent.java:1093)
	at javafx.scene.Parent.layout(Parent.java:1093)
	at javafx.scene.Parent.layout(Parent.java:1093)
	at javafx.scene.Parent.layout(Parent.java:1093)
	at javafx.scene.Scene.doLayoutPass(Scene.java:552)
	at javafx.scene.Scene$ScenePulseListener.pulse(Scene.java:2397)
	at com.sun.javafx.tk.Toolkit.lambda$runPulse$30(Toolkit.java:355)
	at java.security.AccessController.doPrivileged(Native Method)
	at com.sun.javafx.tk.Toolkit.runPulse(Toolkit.java:354)
	at com.sun.javafx.tk.Toolkit.firePulse(Toolkit.java:381)
	at com.sun.javafx.tk.quantum.QuantumToolkit.pulse(QuantumToolkit.java:510)
	at com.sun.javafx.tk.quantum.QuantumToolkit.pulse(QuantumToolkit.java:490)
	at com.sun.javafx.tk.quantum.QuantumToolkit.lambda$runToolkit$404(QuantumToolkit.java:319)
	at com.sun.glass.ui.InvokeLaterDispatcher$Future.run(InvokeLaterDispatcher.java:95)
	at com.sun.glass.ui.win.WinApplication._runLoop(Native Method)
	at com.sun.glass.ui.win.WinApplication.lambda$null$148(WinApplication.java:191)
	at java.lang.Thread.run(Thread.java:748)
2018-12-08 16:59:54 JavaFX Application Thread ERROR [demo.App.logError(App.java:54)] Catch unexpected fx exception
java.util.ConcurrentModificationException
	at java.util.AbstractList$Itr.checkForComodification(AbstractList.java:386)
	at java.util.AbstractList$Itr.next(AbstractList.java:355)
	at javafx.scene.control.TreeItem.updateExpandedDescendentCount(TreeItem.java:892)
	at javafx.scene.control.TreeItem.getExpandedDescendentCount(TreeItem.java:880)
	at javafx.scene.control.TreeUtil.getExpandedDescendantCount(TreeUtil.java:40)
	at javafx.scene.control.TreeUtil.updateExpandedItemCount(TreeUtil.java:49)
	at javafx.scene.control.TreeTableView.updateExpandedItemCount(TreeTableView.java:1861)
	at javafx.scene.control.TreeTableView.getExpandedItemCount(TreeTableView.java:1092)
	at javafx.scene.control.TreeTableCell.updateItem(TreeTableCell.java:599)
	at javafx.scene.control.TreeTableCell.indexChanged(TreeTableCell.java:457)
	at javafx.scene.control.IndexedCell.updateIndex(IndexedCell.java:116)
	at com.sun.javafx.scene.control.skin.TableRowSkinBase.updateCells(TableRowSkinBase.java:533)
	at com.sun.javafx.scene.control.skin.TreeTableRowSkin.updateCells(TreeTableRowSkin.java:220)
	at com.sun.javafx.scene.control.skin.TableRowSkinBase.checkState(TableRowSkinBase.java:631)
	at com.sun.javafx.scene.control.skin.TableRowSkinBase.computePrefHeight(TableRowSkinBase.java:571)
	at javafx.scene.control.Control.computePrefHeight(Control.java:547)
	at javafx.scene.Parent.prefHeight(Parent.java:935)
	at javafx.scene.layout.Region.prefHeight(Region.java:1435)
	at com.sun.javafx.scene.control.skin.VirtualFlow.resizeCellSize(VirtualFlow.java:1947)
	at com.sun.javafx.scene.control.skin.VirtualFlow.addLeadingCells(VirtualFlow.java:1247)
	at com.sun.javafx.scene.control.skin.VirtualFlow.layoutChildren(VirtualFlow.java:1194)
	at javafx.scene.Parent.layout(Parent.java:1087)
	at javafx.scene.Parent.layout(Parent.java:1093)
	at javafx.scene.Parent.layout(Parent.java:1093)
	at javafx.scene.Parent.layout(Parent.java:1093)
	at javafx.scene.Parent.layout(Parent.java:1093)
	at javafx.scene.Parent.layout(Parent.java:1093)
	at javafx.scene.Parent.layout(Parent.java:1093)
	at javafx.scene.Parent.layout(Parent.java:1093)
	at javafx.scene.Parent.layout(Parent.java:1093)
	at javafx.scene.Parent.layout(Parent.java:1093)
	at javafx.scene.Scene.doLayoutPass(Scene.java:552)
	at javafx.scene.Scene$ScenePulseListener.pulse(Scene.java:2397)
	at com.sun.javafx.tk.Toolkit.lambda$runPulse$30(Toolkit.java:355)
	at java.security.AccessController.doPrivileged(Native Method)
	at com.sun.javafx.tk.Toolkit.runPulse(Toolkit.java:354)
	at com.sun.javafx.tk.Toolkit.firePulse(Toolkit.java:381)
	at com.sun.javafx.tk.quantum.QuantumToolkit.pulse(QuantumToolkit.java:510)
	at com.sun.javafx.tk.quantum.QuantumToolkit.pulse(QuantumToolkit.java:490)
	at com.sun.javafx.tk.quantum.QuantumToolkit.lambda$runToolkit$404(QuantumToolkit.java:319)
	at com.sun.glass.ui.InvokeLaterDispatcher$Future.run(InvokeLaterDispatcher.java:95)
	at com.sun.glass.ui.win.WinApplication._runLoop(Native Method)
	at com.sun.glass.ui.win.WinApplication.lambda$null$148(WinApplication.java:191)
	at java.lang.Thread.run(Thread.java:748)
2018-12-08 17:03:00 JavaFX Application Thread ERROR [demo.App.logError(App.java:54)] Catch unexpected fx exception
java.util.ConcurrentModificationException
	at java.util.AbstractList$Itr.checkForComodification(AbstractList.java:386)
	at java.util.AbstractList$Itr.next(AbstractList.java:355)
	at javafx.scene.control.TreeItem.updateExpandedDescendentCount(TreeItem.java:892)
	at javafx.scene.control.TreeItem.getExpandedDescendentCount(TreeItem.java:880)
	at javafx.scene.control.TreeUtil.getExpandedDescendantCount(TreeUtil.java:40)
	at javafx.scene.control.TreeUtil.updateExpandedItemCount(TreeUtil.java:49)
	at javafx.scene.control.TreeTableView.updateExpandedItemCount(TreeTableView.java:1861)
	at javafx.scene.control.TreeTableView.getExpandedItemCount(TreeTableView.java:1092)
	at javafx.scene.control.TreeTableCell.updateItem(TreeTableCell.java:599)
	at javafx.scene.control.TreeTableCell.indexChanged(TreeTableCell.java:457)
	at javafx.scene.control.IndexedCell.updateIndex(IndexedCell.java:116)
	at com.sun.javafx.scene.control.skin.TableRowSkinBase.updateCells(TableRowSkinBase.java:533)
	at com.sun.javafx.scene.control.skin.TreeTableRowSkin.updateCells(TreeTableRowSkin.java:220)
	at com.sun.javafx.scene.control.skin.TableRowSkinBase.checkState(TableRowSkinBase.java:634)
	at com.sun.javafx.scene.control.skin.TableRowSkinBase.computeMinHeight(TableRowSkinBase.java:600)
	at javafx.scene.control.Control.computeMinHeight(Control.java:489)
	at javafx.scene.Parent.minHeight(Parent.java:957)
	at javafx.scene.layout.Region.minHeight(Region.java:1401)
	at com.sun.javafx.scene.control.skin.TableRowSkinBase.computePrefHeight(TableRowSkinBase.java:589)
	at javafx.scene.control.Control.computePrefHeight(Control.java:547)
	at javafx.scene.Parent.prefHeight(Parent.java:935)
	at javafx.scene.layout.Region.prefHeight(Region.java:1435)
	at com.sun.javafx.scene.control.skin.VirtualFlow.resizeCellSize(VirtualFlow.java:1947)
	at com.sun.javafx.scene.control.skin.VirtualFlow.addTrailingCells(VirtualFlow.java:1345)
	at com.sun.javafx.scene.control.skin.VirtualFlow.layoutChildren(VirtualFlow.java:1197)
	at javafx.scene.Parent.layout(Parent.java:1087)
	at javafx.scene.Parent.layout(Parent.java:1093)
	at javafx.scene.Parent.layout(Parent.java:1093)
	at javafx.scene.Parent.layout(Parent.java:1093)
	at javafx.scene.Parent.layout(Parent.java:1093)
	at javafx.scene.Parent.layout(Parent.java:1093)
	at javafx.scene.Parent.layout(Parent.java:1093)
	at javafx.scene.Parent.layout(Parent.java:1093)
	at javafx.scene.Parent.layout(Parent.java:1093)
	at javafx.scene.Parent.layout(Parent.java:1093)
	at javafx.scene.Scene.doLayoutPass(Scene.java:552)
	at javafx.scene.Scene$ScenePulseListener.pulse(Scene.java:2397)
	at com.sun.javafx.tk.Toolkit.lambda$runPulse$30(Toolkit.java:355)
	at java.security.AccessController.doPrivileged(Native Method)
	at com.sun.javafx.tk.Toolkit.runPulse(Toolkit.java:354)
	at com.sun.javafx.tk.Toolkit.firePulse(Toolkit.java:381)
	at com.sun.javafx.tk.quantum.QuantumToolkit.pulse(QuantumToolkit.java:510)
	at com.sun.javafx.tk.quantum.QuantumToolkit.pulse(QuantumToolkit.java:490)
	at com.sun.javafx.tk.quantum.QuantumToolkit.lambda$runToolkit$404(QuantumToolkit.java:319)
	at com.sun.glass.ui.InvokeLaterDispatcher$Future.run(InvokeLaterDispatcher.java:95)
	at com.sun.glass.ui.win.WinApplication._runLoop(Native Method)
	at com.sun.glass.ui.win.WinApplication.lambda$null$148(WinApplication.java:191)
	at java.lang.Thread.run(Thread.java:748)
2018-12-08 17:05:24 JavaFX Application Thread ERROR [demo.App.logError(App.java:54)] Catch unexpected fx exception
java.util.ConcurrentModificationException
	at java.util.AbstractList$Itr.checkForComodification(AbstractList.java:386)
	at java.util.AbstractList$Itr.next(AbstractList.java:355)
	at javafx.scene.control.TreeItem.updateExpandedDescendentCount(TreeItem.java:892)
	at javafx.scene.control.TreeItem.getExpandedDescendentCount(TreeItem.java:880)
	at javafx.scene.control.TreeUtil.getExpandedDescendantCount(TreeUtil.java:40)
	at javafx.scene.control.TreeUtil.updateExpandedItemCount(TreeUtil.java:49)
	at javafx.scene.control.TreeTableView.updateExpandedItemCount(TreeTableView.java:1861)
	at javafx.scene.control.TreeTableView.getExpandedItemCount(TreeTableView.java:1092)
	at javafx.scene.control.TreeTableCell.updateItem(TreeTableCell.java:599)
	at javafx.scene.control.TreeTableCell.indexChanged(TreeTableCell.java:457)
	at javafx.scene.control.IndexedCell.updateIndex(IndexedCell.java:116)
	at com.sun.javafx.scene.control.skin.TableRowSkinBase.updateCells(TableRowSkinBase.java:533)
	at com.sun.javafx.scene.control.skin.TreeTableRowSkin.updateCells(TreeTableRowSkin.java:220)
	at com.sun.javafx.scene.control.skin.TableRowSkinBase.checkState(TableRowSkinBase.java:631)
	at com.sun.javafx.scene.control.skin.TableRowSkinBase.computePrefHeight(TableRowSkinBase.java:571)
	at javafx.scene.control.Control.computePrefHeight(Control.java:547)
	at javafx.scene.Parent.prefHeight(Parent.java:935)
	at javafx.scene.layout.Region.prefHeight(Region.java:1435)
	at com.sun.javafx.scene.control.skin.VirtualFlow.resizeCellSize(VirtualFlow.java:1947)
	at com.sun.javafx.scene.control.skin.VirtualFlow.addLeadingCells(VirtualFlow.java:1247)
	at com.sun.javafx.scene.control.skin.VirtualFlow.layoutChildren(VirtualFlow.java:1194)
	at javafx.scene.Parent.layout(Parent.java:1087)
	at javafx.scene.Parent.layout(Parent.java:1093)
	at javafx.scene.Parent.layout(Parent.java:1093)
	at javafx.scene.Parent.layout(Parent.java:1093)
	at javafx.scene.Parent.layout(Parent.java:1093)
	at javafx.scene.Parent.layout(Parent.java:1093)
	at javafx.scene.Parent.layout(Parent.java:1093)
	at javafx.scene.Parent.layout(Parent.java:1093)
	at javafx.scene.Parent.layout(Parent.java:1093)
	at javafx.scene.Parent.layout(Parent.java:1093)
	at javafx.scene.Scene.doLayoutPass(Scene.java:552)
	at javafx.scene.Scene$ScenePulseListener.pulse(Scene.java:2397)
	at com.sun.javafx.tk.Toolkit.lambda$runPulse$30(Toolkit.java:355)
	at java.security.AccessController.doPrivileged(Native Method)
	at com.sun.javafx.tk.Toolkit.runPulse(Toolkit.java:354)
	at com.sun.javafx.tk.Toolkit.firePulse(Toolkit.java:381)
	at com.sun.javafx.tk.quantum.QuantumToolkit.pulse(QuantumToolkit.java:510)
	at com.sun.javafx.tk.quantum.QuantumToolkit.pulse(QuantumToolkit.java:490)
	at com.sun.javafx.tk.quantum.QuantumToolkit.lambda$runToolkit$404(QuantumToolkit.java:319)
	at com.sun.glass.ui.InvokeLaterDispatcher$Future.run(InvokeLaterDispatcher.java:95)
	at com.sun.glass.ui.win.WinApplication._runLoop(Native Method)
	at com.sun.glass.ui.win.WinApplication.lambda$null$148(WinApplication.java:191)
	at java.lang.Thread.run(Thread.java:748)
2018-12-08 17:52:53 JavaFX Application Thread ERROR [demo.App.logError(App.java:54)] Catch unexpected fx exception
java.util.ConcurrentModificationException
	at java.util.AbstractList$Itr.checkForComodification(AbstractList.java:386)
	at java.util.AbstractList$Itr.next(AbstractList.java:355)
	at javafx.scene.control.TreeItem.updateExpandedDescendentCount(TreeItem.java:892)
	at javafx.scene.control.TreeItem.getExpandedDescendentCount(TreeItem.java:880)
	at javafx.scene.control.TreeUtil.getExpandedDescendantCount(TreeUtil.java:40)
	at javafx.scene.control.TreeUtil.updateExpandedItemCount(TreeUtil.java:49)
	at javafx.scene.control.TreeTableView.updateExpandedItemCount(TreeTableView.java:1861)
	at javafx.scene.control.TreeTableView.getExpandedItemCount(TreeTableView.java:1092)
	at javafx.scene.control.TreeTableCell.updateItem(TreeTableCell.java:599)
	at javafx.scene.control.TreeTableCell.indexChanged(TreeTableCell.java:457)
	at javafx.scene.control.IndexedCell.updateIndex(IndexedCell.java:116)
	at com.sun.javafx.scene.control.skin.TableRowSkinBase.requestCellUpdate(TableRowSkinBase.java:659)
	at com.sun.javafx.scene.control.skin.TableRowSkinBase.handleControlPropertyChanged(TableRowSkinBase.java:234)
	at com.sun.javafx.scene.control.skin.TreeTableRowSkin.handleControlPropertyChanged(TreeTableRowSkin.java:159)
	at com.sun.javafx.scene.control.skin.BehaviorSkinBase.lambda$registerChangeListener$61(BehaviorSkinBase.java:197)
	at com.sun.javafx.scene.control.MultiplePropertyChangeListenerHandler$1.changed(MultiplePropertyChangeListenerHandler.java:55)
	at javafx.beans.value.WeakChangeListener.changed(WeakChangeListener.java:89)
	at com.sun.javafx.binding.ExpressionHelper$Generic.fireValueChangedEvent(ExpressionHelper.java:361)
	at com.sun.javafx.binding.ExpressionHelper.fireValueChangedEvent(ExpressionHelper.java:81)
	at javafx.beans.property.ReadOnlyIntegerPropertyBase.fireValueChangedEvent(ReadOnlyIntegerPropertyBase.java:72)
	at javafx.beans.property.ReadOnlyIntegerWrapper.fireValueChangedEvent(ReadOnlyIntegerWrapper.java:102)
	at javafx.beans.property.IntegerPropertyBase.markInvalid(IntegerPropertyBase.java:113)
	at javafx.beans.property.IntegerPropertyBase.set(IntegerPropertyBase.java:147)
	at javafx.scene.control.IndexedCell.updateIndex(IndexedCell.java:115)
	at com.sun.javafx.scene.control.skin.VirtualFlow.setCellIndex(VirtualFlow.java:1957)
	at com.sun.javafx.scene.control.skin.VirtualFlow.addTrailingCells(VirtualFlow.java:1344)
	at com.sun.javafx.scene.control.skin.VirtualFlow.layoutChildren(VirtualFlow.java:1197)
	at javafx.scene.Parent.layout(Parent.java:1087)
	at javafx.scene.Parent.layout(Parent.java:1093)
	at javafx.scene.Parent.layout(Parent.java:1093)
	at javafx.scene.Parent.layout(Parent.java:1093)
	at javafx.scene.Parent.layout(Parent.java:1093)
	at javafx.scene.Parent.layout(Parent.java:1093)
	at javafx.scene.Parent.layout(Parent.java:1093)
	at javafx.scene.Parent.layout(Parent.java:1093)
	at javafx.scene.Parent.layout(Parent.java:1093)
	at javafx.scene.Parent.layout(Parent.java:1093)
	at javafx.scene.Scene.doLayoutPass(Scene.java:552)
	at javafx.scene.Scene$ScenePulseListener.pulse(Scene.java:2397)
	at com.sun.javafx.tk.Toolkit.lambda$runPulse$30(Toolkit.java:355)
	at java.security.AccessController.doPrivileged(Native Method)
	at com.sun.javafx.tk.Toolkit.runPulse(Toolkit.java:354)
	at com.sun.javafx.tk.Toolkit.firePulse(Toolkit.java:381)
	at com.sun.javafx.tk.quantum.QuantumToolkit.pulse(QuantumToolkit.java:510)
	at com.sun.javafx.tk.quantum.QuantumToolkit.pulse(QuantumToolkit.java:490)
	at com.sun.javafx.tk.quantum.QuantumToolkit.lambda$runToolkit$404(QuantumToolkit.java:319)
	at com.sun.glass.ui.InvokeLaterDispatcher$Future.run(InvokeLaterDispatcher.java:95)
	at com.sun.glass.ui.win.WinApplication._runLoop(Native Method)
	at com.sun.glass.ui.win.WinApplication.lambda$null$148(WinApplication.java:191)
	at java.lang.Thread.run(Thread.java:748)
2018-12-08 17:52:53 JavaFX Application Thread ERROR [demo.App.logError(App.java:54)] Catch unexpected fx exception
java.util.ConcurrentModificationException
	at java.util.AbstractList$Itr.checkForComodification(AbstractList.java:386)
	at java.util.AbstractList$Itr.next(AbstractList.java:355)
	at javafx.scene.control.TreeItem.updateExpandedDescendentCount(TreeItem.java:892)
	at javafx.scene.control.TreeItem.getExpandedDescendentCount(TreeItem.java:880)
	at javafx.scene.control.TreeUtil.getExpandedDescendantCount(TreeUtil.java:40)
	at javafx.scene.control.TreeUtil.updateExpandedItemCount(TreeUtil.java:49)
	at javafx.scene.control.TreeTableView.updateExpandedItemCount(TreeTableView.java:1861)
	at javafx.scene.control.TreeTableView.getExpandedItemCount(TreeTableView.java:1092)
	at javafx.scene.control.TreeTableCell.updateItem(TreeTableCell.java:599)
	at javafx.scene.control.TreeTableCell.indexChanged(TreeTableCell.java:457)
	at javafx.scene.control.IndexedCell.updateIndex(IndexedCell.java:116)
	at com.sun.javafx.scene.control.skin.TableRowSkinBase.updateCells(TableRowSkinBase.java:533)
	at com.sun.javafx.scene.control.skin.TreeTableRowSkin.updateCells(TreeTableRowSkin.java:220)
	at com.sun.javafx.scene.control.skin.TableRowSkinBase.checkState(TableRowSkinBase.java:634)
	at com.sun.javafx.scene.control.skin.TableRowSkinBase.computeMinHeight(TableRowSkinBase.java:600)
	at javafx.scene.control.Control.computeMinHeight(Control.java:489)
	at javafx.scene.Parent.minHeight(Parent.java:957)
	at javafx.scene.layout.Region.minHeight(Region.java:1401)
	at com.sun.javafx.scene.control.skin.TableRowSkinBase.computePrefHeight(TableRowSkinBase.java:589)
	at javafx.scene.control.Control.computePrefHeight(Control.java:547)
	at javafx.scene.Parent.prefHeight(Parent.java:935)
	at javafx.scene.layout.Region.prefHeight(Region.java:1435)
	at com.sun.javafx.scene.control.skin.VirtualFlow.resizeCellSize(VirtualFlow.java:1947)
	at com.sun.javafx.scene.control.skin.VirtualFlow.addTrailingCells(VirtualFlow.java:1345)
	at com.sun.javafx.scene.control.skin.VirtualFlow.layoutChildren(VirtualFlow.java:1197)
	at javafx.scene.Parent.layout(Parent.java:1087)
	at javafx.scene.Parent.layout(Parent.java:1093)
	at javafx.scene.Parent.layout(Parent.java:1093)
	at javafx.scene.Parent.layout(Parent.java:1093)
	at javafx.scene.Parent.layout(Parent.java:1093)
	at javafx.scene.Parent.layout(Parent.java:1093)
	at javafx.scene.Parent.layout(Parent.java:1093)
	at javafx.scene.Parent.layout(Parent.java:1093)
	at javafx.scene.Parent.layout(Parent.java:1093)
	at javafx.scene.Parent.layout(Parent.java:1093)
	at javafx.scene.Scene.doLayoutPass(Scene.java:552)
	at javafx.scene.Scene$ScenePulseListener.pulse(Scene.java:2397)
	at com.sun.javafx.tk.Toolkit.lambda$runPulse$30(Toolkit.java:355)
	at java.security.AccessController.doPrivileged(Native Method)
	at com.sun.javafx.tk.Toolkit.runPulse(Toolkit.java:354)
	at com.sun.javafx.tk.Toolkit.firePulse(Toolkit.java:381)
	at com.sun.javafx.tk.quantum.QuantumToolkit.pulse(QuantumToolkit.java:510)
	at com.sun.javafx.tk.quantum.QuantumToolkit.pulse(QuantumToolkit.java:490)
	at com.sun.javafx.tk.quantum.QuantumToolkit.lambda$runToolkit$404(QuantumToolkit.java:319)
	at com.sun.glass.ui.InvokeLaterDispatcher$Future.run(InvokeLaterDispatcher.java:95)
	at com.sun.glass.ui.win.WinApplication._runLoop(Native Method)
	at com.sun.glass.ui.win.WinApplication.lambda$null$148(WinApplication.java:191)
	at java.lang.Thread.run(Thread.java:748)
